<?xml version="1.0" encoding="UTF-8"?>
<!-- Generated by org.testng.reporters.JUnitXMLReporter -->
<testsuite hostname="Lenovo" ignored="3" name="Default test" tests="1" failures="0" timestamp="12 Jan 2022 10:30:46 GMT" time="26.842" errors="0">
  <testcase name="myntra" time="26.643" classname="org.sele.task.Day3Locators"/>
  <testcase name="automatioTesting" time="0.0" classname="org.sele.task.Day3Locators">
    <ignored/>
  </testcase> <!-- automatioTesting -->
  <testcase name="redbus" time="0.0" classname="org.sele.task.Day3Locators">
    <ignored/>
  </testcase> <!-- redbus -->
  <testcase name="amazon" time="0.0" classname="org.sele.task.Day3Locators">
    <ignored/>
  </testcase> <!-- amazon -->
</testsuite> <!-- Default test -->
