<?xml version="1.0" encoding="UTF-8"?>
<testng-results skipped="0" failed="0" ignored="3" total="4" passed="1">
  <reporter-output>
  </reporter-output>
  <suite name="Default suite" duration-ms="26842" started-at="2022-01-12T10:30:18Z" finished-at="2022-01-12T10:30:45Z">
    <groups>
    </groups>
    <test name="Default test" duration-ms="26842" started-at="2022-01-12T10:30:18Z" finished-at="2022-01-12T10:30:45Z">
      <class name="org.sele.task.Day3Locators">
        <test-method status="PASS" signature="myntra()[pri:0, instance:org.sele.task.Day3Locators@42e26948]" name="myntra" duration-ms="26643" started-at="2022-01-12T10:30:18Z" finished-at="2022-01-12T10:30:45Z">
          <reporter-output>
          </reporter-output>
        </test-method> <!-- myntra -->
      </class> <!-- org.sele.task.Day3Locators -->
    </test> <!-- Default test -->
  </suite> <!-- Default suite -->
</testng-results>
